<?xml version="1.0" encoding="UTF-8"?>
<!-- Generated by org.testng.reporters.JUnitReportReporter -->
<testsuite hostname="DESKTOP-GT0LFB9" failures="0" tests="16" name="Test_Suit.SmokeTestSuite" time="237.544" errors="3" timestamp="29 Apr 2025 12:45:56 GMT" skipped="8">
  <testcase classname="Test_Suit.SmokeTestSuite" name="EnableIPPBConfigs" time="25.021"/>
  <testcase classname="Test_Suit.SmokeTestSuite" name="AddGoalPlan" time="18.172"/>
  <testcase classname="Test_Suit.SmokeTestSuite" name="AddPMSCycle" time="10.832"/>
  <testcase classname="Test_Suit.SmokeTestSuite" name="Initiate_PMSCycle" time="10.155"/>
  <testcase classname="Test_Suit.SmokeTestSuite" name="Manager_AddGoalTo_Emp" time="41.674"/>
  <testcase classname="Test_Suit.SmokeTestSuite" name="Employee_AssessmentSubmission" time="12.123">
    <error message="element not interactable
  (Session info: chrome=135.0.7049.115)
Build info: version: &#039;4.26.0&#039;, revision: &#039;8ccf0219d7&#039;
System info: os.name: &#039;Windows 10&#039;, os.arch: &#039;amd64&#039;, os.version: &#039;10.0&#039;, java.version: &#039;21.0.6&#039;
Driver info: org.openqa.selenium.chrome.ChromeDriver
Command: [12d7fe5d30c0b22c6a626d59d1859733, sendKeysToElement {id=f.3C1D2D3DDAA18E680CD822F06771584B.d.8BBA7E5489F06BC739D76DDC92A1D930.e.3132, value=[Ljava.lang.CharSequence;@35e98af}]
Capabilities {acceptInsecureCerts: false, browserName: chrome, browserVersion: 135.0.7049.115, chrome: {chromedriverVersion: 135.0.7049.114 (63fd8a7d9d0..., userDataDir: C:\Users\DELL\AppData\Local...}, fedcm:accounts: true, goog:chromeOptions: {debuggerAddress: localhost:52228}, networkConnectionEnabled: false, pageLoadStrategy: normal, platformName: windows, proxy: Proxy(), se:cdp: ws://localhost:52228/devtoo..., se:cdpVersion: 135.0.7049.115, setWindowRect: true, strictFileInteractability: false, timeouts: {implicit: 0, pageLoad: 300000, script: 30000}, unhandledPromptBehavior: dismiss and notify, webauthn:extension:credBlob: true, webauthn:extension:largeBlob: true, webauthn:extension:minPinLength: true, webauthn:extension:prf: true, webauthn:virtualAuthenticators: true}
Element: [[ChromeDriver: chrome on windows (12d7fe5d30c0b22c6a626d59d1859733)] -&gt; id: goal_comments1]
Session ID: 12d7fe5d30c0b22c6a626d59d1859733" type="org.openqa.selenium.ElementNotInteractableException">
      <![CDATA[org.openqa.selenium.ElementNotInteractableException: element not interactable
  (Session info: chrome=135.0.7049.115)
Build info: version: '4.26.0', revision: '8ccf0219d7'
System info: os.name: 'Windows 10', os.arch: 'amd64', os.version: '10.0', java.version: '21.0.6'
Driver info: org.openqa.selenium.chrome.ChromeDriver
Command: [12d7fe5d30c0b22c6a626d59d1859733, sendKeysToElement {id=f.3C1D2D3DDAA18E680CD822F06771584B.d.8BBA7E5489F06BC739D76DDC92A1D930.e.3132, value=[Ljava.lang.CharSequence;@35e98af}]
Capabilities {acceptInsecureCerts: false, browserName: chrome, browserVersion: 135.0.7049.115, chrome: {chromedriverVersion: 135.0.7049.114 (63fd8a7d9d0..., userDataDir: C:\Users\DELL\AppData\Local...}, fedcm:accounts: true, goog:chromeOptions: {debuggerAddress: localhost:52228}, networkConnectionEnabled: false, pageLoadStrategy: normal, platformName: windows, proxy: Proxy(), se:cdp: ws://localhost:52228/devtoo..., se:cdpVersion: 135.0.7049.115, setWindowRect: true, strictFileInteractability: false, timeouts: {implicit: 0, pageLoad: 300000, script: 30000}, unhandledPromptBehavior: dismiss and notify, webauthn:extension:credBlob: true, webauthn:extension:largeBlob: true, webauthn:extension:minPinLength: true, webauthn:extension:prf: true, webauthn:virtualAuthenticators: true}
Element: [[ChromeDriver: chrome on windows (12d7fe5d30c0b22c6a626d59d1859733)] -> id: goal_comments1]
Session ID: 12d7fe5d30c0b22c6a626d59d1859733
at java.base/jdk.internal.reflect.DirectConstructorHandleAccessor.newInstance(DirectConstructorHandleAccessor.java:62)
at java.base/java.lang.reflect.Constructor.newInstanceWithCaller(Constructor.java:502)
at java.base/java.lang.reflect.Constructor.newInstance(Constructor.java:486)
at org.openqa.selenium.remote.ErrorCodec.decode(ErrorCodec.java:167)
at org.openqa.selenium.remote.codec.w3c.W3CHttpResponseCodec.decode(W3CHttpResponseCodec.java:138)
at org.openqa.selenium.remote.codec.w3c.W3CHttpResponseCodec.decode(W3CHttpResponseCodec.java:50)
at org.openqa.selenium.remote.HttpCommandExecutor.execute(HttpCommandExecutor.java:190)
at org.openqa.selenium.remote.service.DriverCommandExecutor.invokeExecute(DriverCommandExecutor.java:216)
at org.openqa.selenium.remote.service.DriverCommandExecutor.execute(DriverCommandExecutor.java:174)
at org.openqa.selenium.remote.RemoteWebDriver.execute(RemoteWebDriver.java:545)
at org.openqa.selenium.remote.RemoteWebElement.execute(RemoteWebElement.java:223)
at org.openqa.selenium.remote.RemoteWebElement.sendKeys(RemoteWebElement.java:110)
at NormalFlowForEmployee.emp_assesment_Submission.EmployeeComment(emp_assesment_Submission.java:110)
at NormalFlowForEmployee.emp_assesment_Submission.selectGoalCycle(emp_assesment_Submission.java:67)
at Test_Suit.SmokeTestSuite.Employee_AssessmentSubmission(SmokeTestSuite.java:130)
at java.base/jdk.internal.reflect.DirectMethodHandleAccessor.invoke(DirectMethodHandleAccessor.java:103)
at java.base/java.lang.reflect.Method.invoke(Method.java:580)
at org.testng.internal.MethodInvocationHelper.invokeMethod(MethodInvocationHelper.java:124)
at org.testng.internal.Invoker.invokeMethod(Invoker.java:583)
at org.testng.internal.Invoker.retryFailed(Invoker.java:839)
at org.testng.internal.Invoker.invokeTestMethods(Invoker.java:1010)
at org.testng.internal.TestMethodWorker.invokeTestMethods(TestMethodWorker.java:125)
at org.testng.internal.TestMethodWorker.run(TestMethodWorker.java:109)
at org.testng.TestRunner.privateRun(TestRunner.java:648)
at org.testng.TestRunner.run(TestRunner.java:505)
at org.testng.SuiteRunner.runTest(SuiteRunner.java:455)
at org.testng.SuiteRunner.runSequentially(SuiteRunner.java:450)
at org.testng.SuiteRunner.privateRun(SuiteRunner.java:415)
at org.testng.SuiteRunner.run(SuiteRunner.java:364)
at org.testng.SuiteRunnerWorker.runSuite(SuiteRunnerWorker.java:52)
at org.testng.SuiteRunnerWorker.run(SuiteRunnerWorker.java:84)
at org.testng.TestNG.runSuitesSequentially(TestNG.java:1208)
at org.testng.TestNG.runSuitesLocally(TestNG.java:1137)
at org.testng.TestNG.runSuites(TestNG.java:1049)
at org.testng.TestNG.run(TestNG.java:1017)
at org.testng.remote.AbstractRemoteTestNG.run(AbstractRemoteTestNG.java:115)
at org.testng.remote.RemoteTestNG.initAndRun(RemoteTestNG.java:293)
at org.testng.remote.RemoteTestNG.main(RemoteTestNG.java:91)
]]>
    </error>
  </testcase> <!-- Employee_AssessmentSubmission -->
  <testcase classname="Test_Suit.SmokeTestSuite" name="Employee_AssessmentSubmission" time="57.179">
    <skipped/>
  </testcase> <!-- Employee_AssessmentSubmission -->
  <testcase classname="Test_Suit.SmokeTestSuite" name="Manager_AssessmentSubmissionTo_Skip" time="0.000">
    <skipped/>
  </testcase> <!-- Manager_AssessmentSubmissionTo_Skip -->
  <testcase classname="Test_Suit.SmokeTestSuite" name="Skip_Approval" time="0.000">
    <skipped/>
  </testcase> <!-- Skip_Approval -->
  <testcase classname="Test_Suit.SmokeTestSuite" name="OneToOneMeeting_Manager" time="0.000">
    <skipped/>
  </testcase> <!-- OneToOneMeeting_Manager -->
  <testcase classname="Test_Suit.SmokeTestSuite" name="OnToOneMeeting_Employee" time="0.000">
    <skipped/>
  </testcase> <!-- OnToOneMeeting_Employee -->
  <testcase classname="Test_Suit.SmokeTestSuite" name="Finalize_Emp_Appraisal" time="0.000">
    <skipped/>
  </testcase> <!-- Finalize_Emp_Appraisal -->
  <testcase classname="Test_Suit.SmokeTestSuite" name="Remove_EmployeesFromGoalPlan" time="22.167">
    <skipped/>
  </testcase> <!-- Remove_EmployeesFromGoalPlan -->
  <testcase classname="Test_Suit.SmokeTestSuite" name="Remove_EmployeesFromGoalPlan" time="20.292">
    <error message="no such element: Unable to locate element: {&quot;method&quot;:&quot;xpath&quot;,&quot;selector&quot;:&quot;//span[contains(text(),&#039;0-1000 of 0&#039;)]&quot;}
  (Session info: chrome=135.0.7049.115)
For documentation on this error, please visit: https://www.selenium.dev/documentation/webdriver/troubleshooting/errors#no-such-element-exception
Build info: version: &#039;4.26.0&#039;, revision: &#039;8ccf0219d7&#039;
System info: os.name: &#039;Windows 10&#039;, os.arch: &#039;amd64&#039;, os.version: &#039;10.0&#039;, java.version: &#039;21.0.6&#039;
Driver info: org.openqa.selenium.chrome.ChromeDriver
Command: [12d7fe5d30c0b22c6a626d59d1859733, findElement {using=xpath, value=//span[contains(text(),&#039;0-1000 of 0&#039;)]}]
Capabilities {acceptInsecureCerts: false, browserName: chrome, browserVersion: 135.0.7049.115, chrome: {chromedriverVersion: 135.0.7049.114 (63fd8a7d9d0..., userDataDir: C:\Users\DELL\AppData\Local...}, fedcm:accounts: true, goog:chromeOptions: {debuggerAddress: localhost:52228}, networkConnectionEnabled: false, pageLoadStrategy: normal, platformName: windows, proxy: Proxy(), se:cdp: ws://localhost:52228/devtoo..., se:cdpVersion: 135.0.7049.115, setWindowRect: true, strictFileInteractability: false, timeouts: {implicit: 0, pageLoad: 300000, script: 30000}, unhandledPromptBehavior: dismiss and notify, webauthn:extension:credBlob: true, webauthn:extension:largeBlob: true, webauthn:extension:minPinLength: true, webauthn:extension:prf: true, webauthn:virtualAuthenticators: true}
Session ID: 12d7fe5d30c0b22c6a626d59d1859733" type="org.openqa.selenium.NoSuchElementException">
      <![CDATA[org.openqa.selenium.NoSuchElementException: no such element: Unable to locate element: {"method":"xpath","selector":"//span[contains(text(),'0-1000 of 0')]"}
  (Session info: chrome=135.0.7049.115)
For documentation on this error, please visit: https://www.selenium.dev/documentation/webdriver/troubleshooting/errors#no-such-element-exception
Build info: version: '4.26.0', revision: '8ccf0219d7'
System info: os.name: 'Windows 10', os.arch: 'amd64', os.version: '10.0', java.version: '21.0.6'
Driver info: org.openqa.selenium.chrome.ChromeDriver
Command: [12d7fe5d30c0b22c6a626d59d1859733, findElement {using=xpath, value=//span[contains(text(),'0-1000 of 0')]}]
Capabilities {acceptInsecureCerts: false, browserName: chrome, browserVersion: 135.0.7049.115, chrome: {chromedriverVersion: 135.0.7049.114 (63fd8a7d9d0..., userDataDir: C:\Users\DELL\AppData\Local...}, fedcm:accounts: true, goog:chromeOptions: {debuggerAddress: localhost:52228}, networkConnectionEnabled: false, pageLoadStrategy: normal, platformName: windows, proxy: Proxy(), se:cdp: ws://localhost:52228/devtoo..., se:cdpVersion: 135.0.7049.115, setWindowRect: true, strictFileInteractability: false, timeouts: {implicit: 0, pageLoad: 300000, script: 30000}, unhandledPromptBehavior: dismiss and notify, webauthn:extension:credBlob: true, webauthn:extension:largeBlob: true, webauthn:extension:minPinLength: true, webauthn:extension:prf: true, webauthn:virtualAuthenticators: true}
Session ID: 12d7fe5d30c0b22c6a626d59d1859733
at java.base/jdk.internal.reflect.DirectConstructorHandleAccessor.newInstance(DirectConstructorHandleAccessor.java:62)
at java.base/java.lang.reflect.Constructor.newInstanceWithCaller(Constructor.java:502)
at java.base/java.lang.reflect.Constructor.newInstance(Constructor.java:486)
at org.openqa.selenium.remote.ErrorCodec.decode(ErrorCodec.java:167)
at org.openqa.selenium.remote.codec.w3c.W3CHttpResponseCodec.decode(W3CHttpResponseCodec.java:138)
at org.openqa.selenium.remote.codec.w3c.W3CHttpResponseCodec.decode(W3CHttpResponseCodec.java:50)
at org.openqa.selenium.remote.HttpCommandExecutor.execute(HttpCommandExecutor.java:190)
at org.openqa.selenium.remote.service.DriverCommandExecutor.invokeExecute(DriverCommandExecutor.java:216)
at org.openqa.selenium.remote.service.DriverCommandExecutor.execute(DriverCommandExecutor.java:174)
at org.openqa.selenium.remote.RemoteWebDriver.execute(RemoteWebDriver.java:545)
at org.openqa.selenium.remote.ElementLocation$ElementFinder$2.findElement(ElementLocation.java:165)
at org.openqa.selenium.remote.ElementLocation.findElement(ElementLocation.java:59)
at org.openqa.selenium.remote.RemoteWebDriver.findElement(RemoteWebDriver.java:368)
at org.openqa.selenium.remote.RemoteWebDriver.findElement(RemoteWebDriver.java:362)
at NormalFlowForEmployee.Delete_the_PMS_Cycle.isDeleted(Delete_the_PMS_Cycle.java:150)
at Test_Suit.SmokeTestSuite.Remove_EmployeesFromGoalPlan(SmokeTestSuite.java:204)
at java.base/jdk.internal.reflect.DirectMethodHandleAccessor.invoke(DirectMethodHandleAccessor.java:103)
at java.base/java.lang.reflect.Method.invoke(Method.java:580)
at org.testng.internal.MethodInvocationHelper.invokeMethod(MethodInvocationHelper.java:124)
at org.testng.internal.Invoker.invokeMethod(Invoker.java:583)
at org.testng.internal.Invoker.retryFailed(Invoker.java:839)
at org.testng.internal.Invoker.invokeTestMethods(Invoker.java:1010)
at org.testng.internal.TestMethodWorker.invokeTestMethods(TestMethodWorker.java:125)
at org.testng.internal.TestMethodWorker.run(TestMethodWorker.java:109)
at org.testng.TestRunner.privateRun(TestRunner.java:648)
at org.testng.TestRunner.run(TestRunner.java:505)
at org.testng.SuiteRunner.runTest(SuiteRunner.java:455)
at org.testng.SuiteRunner.runSequentially(SuiteRunner.java:450)
at org.testng.SuiteRunner.privateRun(SuiteRunner.java:415)
at org.testng.SuiteRunner.run(SuiteRunner.java:364)
at org.testng.SuiteRunnerWorker.runSuite(SuiteRunnerWorker.java:52)
at org.testng.SuiteRunnerWorker.run(SuiteRunnerWorker.java:84)
at org.testng.TestNG.runSuitesSequentially(TestNG.java:1208)
at org.testng.TestNG.runSuitesLocally(TestNG.java:1137)
at org.testng.TestNG.runSuites(TestNG.java:1049)
at org.testng.TestNG.run(TestNG.java:1017)
at org.testng.remote.AbstractRemoteTestNG.run(AbstractRemoteTestNG.java:115)
at org.testng.remote.RemoteTestNG.initAndRun(RemoteTestNG.java:293)
at org.testng.remote.RemoteTestNG.main(RemoteTestNG.java:91)
]]>
    </error>
  </testcase> <!-- Remove_EmployeesFromGoalPlan -->
  <testcase classname="Test_Suit.SmokeTestSuite" name="DeletionOf_PMSCycleAndGoalPlan" time="15.058">
    <error message="no such element: Unable to locate element: {&quot;method&quot;:&quot;xpath&quot;,&quot;selector&quot;:&quot;//div[contains(text(),&#039;Performance Review Cycle deleted successfully &#039;)]&quot;}
  (Session info: chrome=135.0.7049.115)
For documentation on this error, please visit: https://www.selenium.dev/documentation/webdriver/troubleshooting/errors#no-such-element-exception
Build info: version: &#039;4.26.0&#039;, revision: &#039;8ccf0219d7&#039;
System info: os.name: &#039;Windows 10&#039;, os.arch: &#039;amd64&#039;, os.version: &#039;10.0&#039;, java.version: &#039;21.0.6&#039;
Driver info: org.openqa.selenium.chrome.ChromeDriver
Command: [12d7fe5d30c0b22c6a626d59d1859733, findElement {using=xpath, value=//div[contains(text(),&#039;Performance Review Cycle deleted successfully &#039;)]}]
Capabilities {acceptInsecureCerts: false, browserName: chrome, browserVersion: 135.0.7049.115, chrome: {chromedriverVersion: 135.0.7049.114 (63fd8a7d9d0..., userDataDir: C:\Users\DELL\AppData\Local...}, fedcm:accounts: true, goog:chromeOptions: {debuggerAddress: localhost:52228}, networkConnectionEnabled: false, pageLoadStrategy: normal, platformName: windows, proxy: Proxy(), se:cdp: ws://localhost:52228/devtoo..., se:cdpVersion: 135.0.7049.115, setWindowRect: true, strictFileInteractability: false, timeouts: {implicit: 0, pageLoad: 300000, script: 30000}, unhandledPromptBehavior: dismiss and notify, webauthn:extension:credBlob: true, webauthn:extension:largeBlob: true, webauthn:extension:minPinLength: true, webauthn:extension:prf: true, webauthn:virtualAuthenticators: true}
Session ID: 12d7fe5d30c0b22c6a626d59d1859733" type="org.openqa.selenium.NoSuchElementException">
      <![CDATA[org.openqa.selenium.NoSuchElementException: no such element: Unable to locate element: {"method":"xpath","selector":"//div[contains(text(),'Performance Review Cycle deleted successfully ')]"}
  (Session info: chrome=135.0.7049.115)
For documentation on this error, please visit: https://www.selenium.dev/documentation/webdriver/troubleshooting/errors#no-such-element-exception
Build info: version: '4.26.0', revision: '8ccf0219d7'
System info: os.name: 'Windows 10', os.arch: 'amd64', os.version: '10.0', java.version: '21.0.6'
Driver info: org.openqa.selenium.chrome.ChromeDriver
Command: [12d7fe5d30c0b22c6a626d59d1859733, findElement {using=xpath, value=//div[contains(text(),'Performance Review Cycle deleted successfully ')]}]
Capabilities {acceptInsecureCerts: false, browserName: chrome, browserVersion: 135.0.7049.115, chrome: {chromedriverVersion: 135.0.7049.114 (63fd8a7d9d0..., userDataDir: C:\Users\DELL\AppData\Local...}, fedcm:accounts: true, goog:chromeOptions: {debuggerAddress: localhost:52228}, networkConnectionEnabled: false, pageLoadStrategy: normal, platformName: windows, proxy: Proxy(), se:cdp: ws://localhost:52228/devtoo..., se:cdpVersion: 135.0.7049.115, setWindowRect: true, strictFileInteractability: false, timeouts: {implicit: 0, pageLoad: 300000, script: 30000}, unhandledPromptBehavior: dismiss and notify, webauthn:extension:credBlob: true, webauthn:extension:largeBlob: true, webauthn:extension:minPinLength: true, webauthn:extension:prf: true, webauthn:virtualAuthenticators: true}
Session ID: 12d7fe5d30c0b22c6a626d59d1859733
at java.base/jdk.internal.reflect.DirectConstructorHandleAccessor.newInstance(DirectConstructorHandleAccessor.java:62)
at java.base/java.lang.reflect.Constructor.newInstanceWithCaller(Constructor.java:502)
at java.base/java.lang.reflect.Constructor.newInstance(Constructor.java:486)
at org.openqa.selenium.remote.ErrorCodec.decode(ErrorCodec.java:167)
at org.openqa.selenium.remote.codec.w3c.W3CHttpResponseCodec.decode(W3CHttpResponseCodec.java:138)
at org.openqa.selenium.remote.codec.w3c.W3CHttpResponseCodec.decode(W3CHttpResponseCodec.java:50)
at org.openqa.selenium.remote.HttpCommandExecutor.execute(HttpCommandExecutor.java:190)
at org.openqa.selenium.remote.service.DriverCommandExecutor.invokeExecute(DriverCommandExecutor.java:216)
at org.openqa.selenium.remote.service.DriverCommandExecutor.execute(DriverCommandExecutor.java:174)
at org.openqa.selenium.remote.RemoteWebDriver.execute(RemoteWebDriver.java:545)
at org.openqa.selenium.remote.ElementLocation$ElementFinder$2.findElement(ElementLocation.java:165)
at org.openqa.selenium.remote.ElementLocation.findElement(ElementLocation.java:59)
at org.openqa.selenium.remote.RemoteWebDriver.findElement(RemoteWebDriver.java:368)
at org.openqa.selenium.remote.RemoteWebDriver.findElement(RemoteWebDriver.java:362)
at NormalFlowForEmployee.Delete_Goal_Plan_and_PMS_Cycle.isPMSDeleted(Delete_Goal_Plan_and_PMS_Cycle.java:89)
at Test_Suit.SmokeTestSuite.DeletionOf_PMSCycleAndGoalPlan(SmokeTestSuite.java:217)
at java.base/jdk.internal.reflect.DirectMethodHandleAccessor.invoke(DirectMethodHandleAccessor.java:103)
at java.base/java.lang.reflect.Method.invoke(Method.java:580)
at org.testng.internal.MethodInvocationHelper.invokeMethod(MethodInvocationHelper.java:124)
at org.testng.internal.Invoker.invokeMethod(Invoker.java:583)
at org.testng.internal.Invoker.retryFailed(Invoker.java:839)
at org.testng.internal.Invoker.invokeTestMethods(Invoker.java:1010)
at org.testng.internal.TestMethodWorker.invokeTestMethods(TestMethodWorker.java:125)
at org.testng.internal.TestMethodWorker.run(TestMethodWorker.java:109)
at org.testng.TestRunner.privateRun(TestRunner.java:648)
at org.testng.TestRunner.run(TestRunner.java:505)
at org.testng.SuiteRunner.runTest(SuiteRunner.java:455)
at org.testng.SuiteRunner.runSequentially(SuiteRunner.java:450)
at org.testng.SuiteRunner.privateRun(SuiteRunner.java:415)
at org.testng.SuiteRunner.run(SuiteRunner.java:364)
at org.testng.SuiteRunnerWorker.runSuite(SuiteRunnerWorker.java:52)
at org.testng.SuiteRunnerWorker.run(SuiteRunnerWorker.java:84)
at org.testng.TestNG.runSuitesSequentially(TestNG.java:1208)
at org.testng.TestNG.runSuitesLocally(TestNG.java:1137)
at org.testng.TestNG.runSuites(TestNG.java:1049)
at org.testng.TestNG.run(TestNG.java:1017)
at org.testng.remote.AbstractRemoteTestNG.run(AbstractRemoteTestNG.java:115)
at org.testng.remote.RemoteTestNG.initAndRun(RemoteTestNG.java:293)
at org.testng.remote.RemoteTestNG.main(RemoteTestNG.java:91)
]]>
    </error>
  </testcase> <!-- DeletionOf_PMSCycleAndGoalPlan -->
  <testcase classname="Test_Suit.SmokeTestSuite" name="DeletionOf_PMSCycleAndGoalPlan" time="4.871">
    <skipped/>
  </testcase> <!-- DeletionOf_PMSCycleAndGoalPlan -->
</testsuite> <!-- Test_Suit.SmokeTestSuite -->
