<?xml version="1.0" encoding="UTF-8"?>
<!-- Generated by org.testng.reporters.JUnitReportReporter -->
<testsuite hostname="DESKTOP-92N64IC" failures="0" tests="3" name="normalFlowTest.addGoalPla_CreatePMSCycleTest" time="66.912" errors="0" timestamp="03 Feb 2025 06:56:59 GMT" skipped="0">
  <testcase classname="normalFlowTest.addGoalPla_CreatePMSCycleTest" name="AddGoalPlan" time="34.445"/>
  <testcase classname="normalFlowTest.addGoalPla_CreatePMSCycleTest" name="AddPMSCycle" time="16.341"/>
  <testcase classname="normalFlowTest.addGoalPla_CreatePMSCycleTest" name="Initiate_PMSCycle" time="16.126"/>
</testsuite> <!-- normalFlowTest.addGoalPla_CreatePMSCycleTest -->
