<?xml version="1.0" encoding="UTF-8"?>
<!-- Generated by org.testng.reporters.JUnitReportReporter -->
<testsuite hostname="DESKTOP-92N64IC" failures="0" tests="1" name="normalFlowTest.managerFlow_Test" time="30.667" errors="0" timestamp="09 Jan 2025 09:26:00 GMT" skipped="0">
  <testcase classname="normalFlowTest.managerFlow_Test" name="Manager_addGoalto_emp" time="30.667"/>
</testsuite> <!-- normalFlowTest.managerFlow_Test -->
