<?xml version="1.0" encoding="UTF-8"?>
<!-- Generated by org.testng.reporters.JUnitReportReporter -->
<testsuite hostname="DESKTOP-92N64IC" failures="0" tests="1" name="normalFlowTest.employeeFlow_Test" time="14.526" errors="0" timestamp="25 Sep 2024 11:27:02 GMT" skipped="0">
  <testcase classname="normalFlowTest.employeeFlow_Test" name="Employee_Assesment" time="14.526"/>
</testsuite> <!-- normalFlowTest.employeeFlow_Test -->
